2025-02-23 2.7.0版本发布
  - 支持Folia服务端
  - 优化"set"子命令，现在可以自动补全行号和对应行的内容
  - 优化"name"子命令，现在可以自动补全物品显示名
  - 重写检查更新, 现在会在控制台输出更新内容并且OP每日第一次进游戏时会收到更新提醒
  - 其他细节优化
2024-03-28 2.6.1版本发布
  - 修复了模板必须同时包含名称和Lore的问题
  - 由于MCBBS关闭,删除插件中指向MCBBS的链接
  - 其他细节修正和优化
2023-10-27 2.6.0版本发布
  - 添加"remove"子命令用来在游戏中删除模板
  - 增加了撤销和重做功能，每个玩家最多保存10条记录以供撤销
  - 添加"undo"子命令用来执行撤销操作
  - 添加"redo"子命令用来执行重做操作
  - 现在物品名称和Lore支持PlaceholderAPI占位符了
  - 修复导入模板时无法解析RGB颜色和渐变色的问题
  - 优化检查更新逻辑
  - 语言文件更新，版本号升级为2
  - 其他细节优化
2022-02-23 2.5.1版本发布
  - 修复了在1.16及以上版本不安装"ProtocolLib"插件会报错的问题
2022-02-22 2.5.0版本发布
  - 重构部分代码
  - 重构语言文件
  - 优化配置文件加载
  - 不再要求必须安装"ProtocolLib"插件
  - 现在其他插件可以使玩家执行"EditLore"命令了
  - 现在控制台也可以使用"EditLore"命令了
  - 其他细节修正和优化
2022-01-01 2.4.0版本发布
  - 修复了输入负数行号会导致报错的问题
  - 添加了自动检查更新选项
  - 配置文件、模板文件固定使用UTF8编码读写，不再需要转为系统编码
  - 添加"model"子命令用来设置自定义模型数据
  - 添加"clear model"子命令用来清除自定义模型数据
  - 模板支持自定义模型数据
  - 其他细节修正和优化
2021-10-28 2.3.0版本发布
  - 增加RGB颜色支持 格式：&#十六进制RGB颜色+文字
  - 增加RGB渐变色支持 格式：&[#起始颜色-#结束颜色+要渐变的内容]
  - 修复模板名称中包含大写字母可能造成不能TAB补全的问题
  - 其他细节优化
2021-10-13 2.2.0版本发布
  - 修复/ILoreEdit reload不能正确重载的问题
  - 接入bStats.org匿名统计信息
2021-10-11 2.1.0版本发布
  - 支持使用""代替空格
  - 支持修改头颅主人
  - 支持导出物品名称和Lore到模板
  - 支持从模板导入物品名称和Lore
  - 优化TAB补全
  - 修改命令iItem为EditLore
  - 重构插件代码
2021-01-29 1.0.5版本发布